2021-06-18T11:24:26+00:00 CRITICAL syntax error, unexpected end of file, expecting elseif (T_ELSEIF) or else (T_ELSE) or endif (T_ENDIF) в /home/r/rutoppro/rol_hand-gold_com/public_html/wp-content/themes/shophistic-lite/index.php на строке 41

2021-06-18T11:35:10+00:00 CRITICAL syntax error, unexpected end of file, expecting elseif (T_ELSEIF) or else (T_ELSE) or endif (T_ENDIF) в /home/r/rutoppro/rol_hand-gold_com/public_html/wp-content/themes/shophistic-lite/index.php на строке 35

2021-06-18T11:36:47+00:00 CRITICAL Uncaught Error: Call to undefined function mts_article_class() in /home/r/rutoppro/rol_hand-gold_com/public_html/wp-content/themes/shophistic-lite/index.php:4
Stack trace:
#0 /home/r/rutoppro/rol_hand-gold_com/public_html/wp-includes/template-loader.php(106): include()
#1 /home/r/rutoppro/rol_hand-gold_com/public_html/wp-blog-header.php(19): require_once('/home/r/rutoppr...')
#2 /home/r/rutoppro/rol_hand-gold_com/public_html/index.php(17): require('/home/r/rutoppr...')
#3 {main}
  thrown в /home/r/rutoppro/rol_hand-gold_com/public_html/wp-content/themes/shophistic-lite/index.php на строке 4

2021-06-18T11:37:17+00:00 CRITICAL syntax error, unexpected 'endif' (T_ENDIF), expecting end of file в /home/r/rutoppro/rol_hand-gold_com/public_html/wp-content/themes/shophistic-lite/index.php на строке 14

2021-06-18T11:38:13+00:00 CRITICAL syntax error, unexpected end of file в /home/r/rutoppro/rol_hand-gold_com/public_html/wp-content/themes/shophistic-lite/index.php на строке 45

2021-06-18T11:38:52+00:00 CRITICAL syntax error, unexpected end of file в /home/r/rutoppro/rol_hand-gold_com/public_html/wp-content/themes/shophistic-lite/index.php на строке 45

2021-06-18T11:39:01+00:00 CRITICAL syntax error, unexpected end of file в /home/r/rutoppro/rol_hand-gold_com/public_html/wp-content/themes/shophistic-lite/index.php на строке 43

2021-06-18T13:58:07+00:00 CRITICAL Uncaught Error: Call to a member function is_type() on bool in /home/r/rutoppro/rol_hand-gold_com/public_html/wp-content/plugins/woocommerce/includes/class-wc-ajax.php:1287
Stack trace:
#0 /home/r/rutoppro/rol_hand-gold_com/public_html/wp-includes/class-wp-hook.php(292): WC_AJAX::remove_order_item('')
#1 /home/r/rutoppro/rol_hand-gold_com/public_html/wp-includes/class-wp-hook.php(316): WP_Hook->apply_filters('', Array)
#2 /home/r/rutoppro/rol_hand-gold_com/public_html/wp-includes/plugin.php(484): WP_Hook->do_action(Array)
#3 /home/r/rutoppro/rol_hand-gold_com/public_html/wp-admin/admin-ajax.php(187): do_action('wp_ajax_woocomm...')
#4 {main}
  thrown в /home/r/rutoppro/rol_hand-gold_com/public_html/wp-content/plugins/woocommerce/includes/class-wc-ajax.php на строке 1287

